unity roguelike/Temp/gradleOut/unityLibrary/build/intermediates/manifest_merge_blame_file/release/manifest-merger-blame-release-report.txt
1<?xml version="1.0" encoding="utf-8"?>
2<!-- GENERATED BY UNITY. REMOVE THIS COMMENT TO PREVENT OVERWRITING WHEN EXPORTING AGAIN -->
3<manifest xmlns:android="http://schemas.android.com/apk/res/android"
4    xmlns:tools="http://schemas.android.com/tools"
5    package="com.unity3d.player"
6    android:versionCode="1"
7    android:versionName="1.0" >
8
9    <uses-sdk
10        android:minSdkVersion="19"
10-->src/main/AndroidManifest.xml
11        android:targetSdkVersion="29" />
11-->src/main/AndroidManifest.xml
12
13    <uses-feature android:glEsVersion="0x00020000" />
13-->src/main/AndroidManifest.xml:19:3-52
13-->src/main/AndroidManifest.xml:19:17-49
14    <uses-feature
14-->src/main/AndroidManifest.xml:20:3-88
15        android:name="android.hardware.touchscreen"
15-->src/main/AndroidManifest.xml:20:17-60
16        android:required="false" />
16-->src/main/AndroidManifest.xml:20:61-85
17    <uses-feature
17-->src/main/AndroidManifest.xml:21:3-99
18        android:name="android.hardware.touchscreen.multitouch"
18-->src/main/AndroidManifest.xml:21:17-71
19        android:required="false" />
19-->src/main/AndroidManifest.xml:21:72-96
20    <uses-feature
20-->src/main/AndroidManifest.xml:22:3-108
21        android:name="android.hardware.touchscreen.multitouch.distinct"
21-->src/main/AndroidManifest.xml:22:17-80
22        android:required="false" />
22-->src/main/AndroidManifest.xml:22:81-105
23
24    <application android:isGame="true" >
24-->src/main/AndroidManifest.xml:4:3-18:17
24-->src/main/AndroidManifest.xml:4:16-37
25        <activity
25-->src/main/AndroidManifest.xml:5:5-13:16
26            android:name="com.unity3d.player.UnityPlayerActivity"
26-->src/main/AndroidManifest.xml:5:15-68
27            android:configChanges="mcc|mnc|locale|touchscreen|keyboard|keyboardHidden|navigation|orientation|screenLayout|uiMode|screenSize|smallestScreenSize|fontScale|layoutDirection|density"
27-->src/main/AndroidManifest.xml:5:182-363
28            android:hardwareAccelerated="false"
28-->src/main/AndroidManifest.xml:5:364-399
29            android:launchMode="singleTask"
29-->src/main/AndroidManifest.xml:5:150-181
30            android:screenOrientation="fullSensor"
30-->src/main/AndroidManifest.xml:5:111-149
31            android:theme="@style/UnityThemeSelector" >
31-->src/main/AndroidManifest.xml:5:69-110
32            <intent-filter>
32-->src/main/AndroidManifest.xml:6:7-10:23
33                <action android:name="android.intent.action.MAIN" />
33-->src/main/AndroidManifest.xml:7:9-61
33-->src/main/AndroidManifest.xml:7:17-58
34
35                <category android:name="android.intent.category.LAUNCHER" />
35-->src/main/AndroidManifest.xml:8:9-69
35-->src/main/AndroidManifest.xml:8:19-66
36                <category android:name="android.intent.category.LEANBACK_LAUNCHER" />
36-->src/main/AndroidManifest.xml:9:9-78
36-->src/main/AndroidManifest.xml:9:19-75
37            </intent-filter>
38
39            <meta-data
39-->src/main/AndroidManifest.xml:11:7-82
40                android:name="unityplayer.UnityActivity"
40-->src/main/AndroidManifest.xml:11:18-58
41                android:value="true" />
41-->src/main/AndroidManifest.xml:11:59-79
42            <meta-data
42-->src/main/AndroidManifest.xml:12:7-78
43                android:name="android.notch_support"
43-->src/main/AndroidManifest.xml:12:18-54
44                android:value="true" />
44-->src/main/AndroidManifest.xml:12:55-75
45        </activity>
46
47        <meta-data
47-->src/main/AndroidManifest.xml:14:5-69
48            android:name="unity.splash-mode"
48-->src/main/AndroidManifest.xml:14:16-48
49            android:value="0" />
49-->src/main/AndroidManifest.xml:14:49-66
50        <meta-data
50-->src/main/AndroidManifest.xml:15:5-74
51            android:name="unity.splash-enable"
51-->src/main/AndroidManifest.xml:15:16-50
52            android:value="True" />
52-->src/main/AndroidManifest.xml:15:51-71
53        <meta-data
53-->src/main/AndroidManifest.xml:16:5-81
54            android:name="notch.config"
54-->src/main/AndroidManifest.xml:16:16-43
55            android:value="portrait|landscape" />
55-->src/main/AndroidManifest.xml:16:44-78
56        <meta-data
56-->src/main/AndroidManifest.xml:17:5-101
57            android:name="unity.build-id"
57-->src/main/AndroidManifest.xml:17:16-45
58            android:value="5512e29a-50cc-42e0-9c42-e5690e61ccdc" />
58-->src/main/AndroidManifest.xml:17:46-98
59    </application>
60
61</manifest>